{
  "RSpec": {
    "coverage": {
      "/Users/caleb/Desktop/dating_app/config/environment.rb": [
        null,
        1,
        null,
        null,
        1
      ],
      "/Users/caleb/Desktop/dating_app/config/application.rb": [
        1,
        null,
        1,
        null,
        1,
        1,
        1,
        1,
        1,
        1,
        1,
        null,
        null,
        null,
        null,
        1,
        null,
        1,
        1,
        null,
        null,
        null,
        null,
        null,
        null,
        null,
        null,
        null,
        null,
        null,
        null,
        null,
        1,
        null,
        null
      ],
      "/Users/caleb/Desktop/dating_app/config/boot.rb": [
        1,
        null,
        1
      ],
      "/Users/caleb/Desktop/dating_app/config/environments/test.rb": [
        1,
        null,
        null,
        null,
        null,
        null,
        null,
        1,
        null,
        null,
        null,
        null,
        1,
        null,
        null,
        1,
        1,
        null,
        null,
        1,
        1,
        null,
        null,
        1,
        null,
        null,
        1,
        null,
        null,
        null,
        null,
        1,
        null,
        null,
        1,
        null,
        null,
        1,
        null,
        null,
        null,
        null
      ],
      "/Users/caleb/Desktop/dating_app/config/initializers/assets.rb": [
        null,
        null,
        null,
        1,
        null,
        null,
        null,
        null,
        null,
        null,
        null
      ],
      "/Users/caleb/Desktop/dating_app/config/initializers/backtrace_silencers.rb": [
        null,
        null,
        null,
        null,
        null,
        null,
        null
      ],
      "/Users/caleb/Desktop/dating_app/config/initializers/cookies_serializer.rb": [
        null,
        null,
        1
      ],
      "/Users/caleb/Desktop/dating_app/config/initializers/filter_parameter_logging.rb": [
        null,
        null,
        null,
        1
      ],
      "/Users/caleb/Desktop/dating_app/config/initializers/inflections.rb": [
        null,
        null,
        null,
        null,
        null,
        null,
        null,
        null,
        null,
        null,
        null,
        null,
        null,
        null,
        null,
        null
      ],
      "/Users/caleb/Desktop/dating_app/config/initializers/mime_types.rb": [
        null,
        null,
        null,
        null
      ],
      "/Users/caleb/Desktop/dating_app/config/initializers/session_store.rb": [
        null,
        null,
        1
      ],
      "/Users/caleb/Desktop/dating_app/config/initializers/wrap_parameters.rb": [
        null,
        null,
        null,
        null,
        null,
        null,
        1,
        1,
        null,
        null,
        null,
        null,
        null,
        null
      ],
      "/Users/caleb/Desktop/dating_app/spec/factories/crimes.rb": [
        1,
        1,
        1,
        1,
        null,
        null,
        null
      ],
      "/Users/caleb/Desktop/dating_app/spec/factories/interests.rb": [
        1,
        1,
        1,
        null,
        null,
        null
      ],
      "/Users/caleb/Desktop/dating_app/spec/factories/users.rb": [
        1,
        1,
        1,
        1,
        1,
        1,
        1,
        1,
        1,
        null,
        null,
        null
      ],
      "/Users/caleb/Desktop/dating_app/config/routes.rb": [
        1,
        1,
        null,
        1,
        null,
        1,
        null,
        1,
        null,
        1,
        null,
        1,
        null,
        1,
        null,
        1,
        null,
        1,
        null,
        1,
        null,
        1,
        null,
        1,
        null,
        null,
        null,
        null,
        null,
        null,
        null,
        null,
        null,
        null,
        null,
        null,
        null,
        null,
        null,
        null,
        null,
        null,
        null,
        null,
        null,
        null,
        null,
        null,
        null,
        null,
        null,
        null,
        null,
        null,
        null,
        null,
        null,
        null,
        null,
        null,
        null,
        null,
        null,
        null,
        null,
        null,
        null,
        null,
        null,
        null,
        null,
        null,
        null,
        null,
        null,
        null,
        null,
        null,
        null,
        null
      ],
      "/Users/caleb/Desktop/dating_app/app/helpers/application_helper.rb": [
        1,
        null
      ],
      "/Users/caleb/Desktop/dating_app/app/helpers/crimes_helper.rb": [
        1,
        null
      ],
      "/Users/caleb/Desktop/dating_app/app/helpers/interests_helper.rb": [
        1,
        null
      ],
      "/Users/caleb/Desktop/dating_app/app/helpers/users_helper.rb": [
        1,
        null
      ],
      "/Users/caleb/Desktop/dating_app/app/models/user.rb": [
        1,
        null
      ]
    },
    "timestamp": 1443130933
  }
}
